10/12/2024 10:53:18	ProductImplemetation.Create:	Product added successfully
10/12/2024 10:53:18	ProductImplemetation.Create:	Product added successfully
10/12/2024 10:53:18	ProductImplemetation.Create:	Product added successfully
10/12/2024 10:53:18	CustomerImplemetation.Create:	customer added successfully
10/12/2024 10:53:18	CustomerImplemetation.Create:	customer added successfully
10/12/2024 10:53:18	CustomerImplemetation.Create:	customer added successfully
10/12/2024 10:53:18	SaleImplemetation.Create:	sale crated successfully
10/12/2024 10:53:18	SaleImplemetation.Create:	sale crated successfully
10/12/2024 10:53:18	SaleImplemetation.Create:	sale crated successfully
10/12/2024 10:54:18	ProductImplemetation.Create:	Product added successfully
10/12/2024 10:54:18	ProductImplemetation.Create:	Product added successfully
10/12/2024 10:54:18	ProductImplemetation.Create:	Product added successfully
10/12/2024 10:54:18	CustomerImplemetation.Create:	customer added successfully
10/12/2024 10:54:18	CustomerImplemetation.Create:	customer added successfully
10/12/2024 10:54:18	CustomerImplemetation.Create:	customer added successfully
10/12/2024 10:54:18	SaleImplemetation.Create:	sale crated successfully
10/12/2024 10:54:18	SaleImplemetation.Create:	sale crated successfully
10/12/2024 10:54:18	SaleImplemetation.Create:	sale crated successfully
10/12/2024 10:54:25	SaleImplemetation.ReadAll:	sales read successfully
10/12/2024 21:25:28	ProductImplemetation.Create:	Product added successfully
10/12/2024 21:25:28	ProductImplemetation.Create:	Product added successfully
10/12/2024 21:25:28	ProductImplemetation.Create:	Product added successfully
10/12/2024 21:25:28	CustomerImplemetation.Create:	customer added successfully
10/12/2024 21:25:28	CustomerImplemetation.Create:	customer added successfully
10/12/2024 21:25:28	CustomerImplemetation.Create:	customer added successfully
10/12/2024 21:25:28	SaleImplemetation.Create:	sale crated successfully
10/12/2024 21:25:28	SaleImplemetation.Create:	sale crated successfully
10/12/2024 21:25:28	SaleImplemetation.Create:	sale crated successfully
10/12/2024 21:25:41	CustomerImplemetation.ReadAll:	customer read successfully
10/12/2024 21:25:50	CustomerImplemetation.Read:	customer read successfully
10/12/2024 21:45:20	ProductImplemetation.Create:	Product added successfully
10/12/2024 21:45:20	ProductImplemetation.Create:	Product added successfully
10/12/2024 21:45:20	ProductImplemetation.Create:	Product added successfully
10/12/2024 21:45:20	CustomerImplemetation.Create:	customer added successfully
10/12/2024 21:45:20	CustomerImplemetation.Create:	customer added successfully
10/12/2024 21:45:20	CustomerImplemetation.Create:	customer added successfully
10/12/2024 21:45:20	SaleImplemetation.Create:	sale crated successfully
10/12/2024 21:45:20	SaleImplemetation.Create:	sale crated successfully
10/12/2024 21:45:20	SaleImplemetation.Create:	sale crated successfully
10/12/2024 21:47:57	ProductImplemetation.Create:	Product added successfully
10/12/2024 21:47:57	ProductImplemetation.Create:	Product added successfully
10/12/2024 21:47:57	ProductImplemetation.Create:	Product added successfully
10/12/2024 21:47:57	CustomerImplemetation.Create:	customer added successfully
10/12/2024 21:47:57	CustomerImplemetation.Create:	customer added successfully
10/12/2024 21:47:57	CustomerImplemetation.Create:	customer added successfully
10/12/2024 21:47:57	SaleImplemetation.Create:	sale crated successfully
10/12/2024 21:47:57	SaleImplemetation.Create:	sale crated successfully
10/12/2024 21:47:57	SaleImplemetation.Create:	sale crated successfully
10/12/2024 21:48:59	ProductImplemetation.Create:	Product added successfully
10/12/2024 21:48:59	ProductImplemetation.Create:	Product added successfully
10/12/2024 21:48:59	ProductImplemetation.Create:	Product added successfully
10/12/2024 21:48:59	CustomerImplemetation.Create:	customer added successfully
10/12/2024 21:48:59	CustomerImplemetation.Create:	customer added successfully
10/12/2024 21:48:59	CustomerImplemetation.Create:	customer added successfully
10/12/2024 21:48:59	SaleImplemetation.Create:	sale crated successfully
10/12/2024 21:48:59	SaleImplemetation.Create:	sale crated successfully
10/12/2024 21:48:59	SaleImplemetation.Create:	sale crated successfully
10/12/2024 21:50:02	ProductImplemetation.Create:	Product added successfully
10/12/2024 21:50:02	ProductImplemetation.Create:	Product added successfully
10/12/2024 21:50:02	ProductImplemetation.Create:	Product added successfully
10/12/2024 21:50:02	CustomerImplemetation.Create:	customer added successfully
10/12/2024 21:50:02	CustomerImplemetation.Create:	customer added successfully
10/12/2024 21:50:02	CustomerImplemetation.Create:	customer added successfully
10/12/2024 21:50:02	SaleImplemetation.Create:	sale crated successfully
10/12/2024 21:50:02	SaleImplemetation.Create:	sale crated successfully
10/12/2024 21:50:02	SaleImplemetation.Create:	sale crated successfully
10/12/2024 21:50:18	ProductImplemetation.Create:	Product added successfully
10/12/2024 21:50:18	ProductImplemetation.Create:	Product added successfully
10/12/2024 21:50:18	ProductImplemetation.Create:	Product added successfully
10/12/2024 21:50:18	CustomerImplemetation.Create:	customer added successfully
10/12/2024 21:50:18	CustomerImplemetation.Create:	customer added successfully
10/12/2024 21:50:18	CustomerImplemetation.Create:	customer added successfully
10/12/2024 21:50:18	SaleImplemetation.Create:	sale crated successfully
10/12/2024 21:50:18	SaleImplemetation.Create:	sale crated successfully
10/12/2024 21:50:18	SaleImplemetation.Create:	sale crated successfully
10/12/2024 21:50:18	ProductImplemetation.ReadAll:	products read successfully
10/12/2024 21:51:53	ProductImplemetation.Create:	Product added successfully
10/12/2024 21:51:53	ProductImplemetation.Create:	Product added successfully
10/12/2024 21:51:53	ProductImplemetation.Create:	Product added successfully
10/12/2024 21:51:53	CustomerImplemetation.Create:	customer added successfully
10/12/2024 21:51:53	CustomerImplemetation.Create:	customer added successfully
10/12/2024 21:51:53	CustomerImplemetation.Create:	customer added successfully
10/12/2024 21:51:53	SaleImplemetation.Create:	sale crated successfully
10/12/2024 21:51:53	SaleImplemetation.Create:	sale crated successfully
10/12/2024 21:51:53	SaleImplemetation.Create:	sale crated successfully
10/12/2024 21:51:59	ProductImplemetation.ReadAll:	products read successfully
10/12/2024 21:51:59	ProductImplemetation.ReadAll:	products read successfully
10/12/2024 21:53:04	ProductImplemetation.Create:	Product added successfully
10/12/2024 21:53:04	ProductImplemetation.Create:	Product added successfully
10/12/2024 21:53:04	ProductImplemetation.Create:	Product added successfully
10/12/2024 21:53:04	CustomerImplemetation.Create:	customer added successfully
10/12/2024 21:53:04	CustomerImplemetation.Create:	customer added successfully
10/12/2024 21:53:04	CustomerImplemetation.Create:	customer added successfully
10/12/2024 21:53:04	SaleImplemetation.Create:	sale crated successfully
10/12/2024 21:53:04	SaleImplemetation.Create:	sale crated successfully
10/12/2024 21:53:04	SaleImplemetation.Create:	sale crated successfully
10/12/2024 21:53:17	ProductImplemetation.Read:	product read successfully
10/12/2024 21:53:17	ProductImplemetation.Read:	product read with filter successfully
10/12/2024 21:53:27	ProductImplemetation.Read:	product read successfully
10/12/2024 21:53:27	ProductImplemetation.Read:	product read with filter successfully
10/12/2024 21:54:25	ProductImplemetation.Create:	Product added successfully
10/12/2024 21:54:25	ProductImplemetation.Create:	Product added successfully
10/12/2024 21:54:25	ProductImplemetation.Create:	Product added successfully
10/12/2024 21:54:25	CustomerImplemetation.Create:	customer added successfully
10/12/2024 21:54:25	CustomerImplemetation.Create:	customer added successfully
10/12/2024 21:54:25	CustomerImplemetation.Create:	customer added successfully
10/12/2024 21:54:25	SaleImplemetation.Create:	sale crated successfully
10/12/2024 21:54:25	SaleImplemetation.Create:	sale crated successfully
10/12/2024 21:54:25	SaleImplemetation.Create:	sale crated successfully
10/12/2024 21:54:31	ProductImplemetation.ReadAll:	products read successfully
