08/01/2025 19:25:23	ProductImplemetation.Create:	Product added successfully
08/01/2025 19:25:23	ProductImplemetation.Create:	Product added successfully
08/01/2025 19:25:23	ProductImplemetation.Create:	Product added successfully
08/01/2025 19:25:23	CustomerImplemetation.Create:	customer added successfully
08/01/2025 19:25:23	CustomerImplemetation.Create:	customer added successfully
08/01/2025 19:25:23	CustomerImplemetation.Create:	customer added successfully
08/01/2025 19:25:23	SaleImplemetation.Create:	sale crated successfully
08/01/2025 19:25:23	SaleImplemetation.Create:	sale crated successfully
08/01/2025 19:25:23	SaleImplemetation.Create:	sale crated successfully
08/01/2025 19:28:02	ProductImplemetation.Create:	Product added successfully
08/01/2025 19:28:02	ProductImplemetation.Create:	Product added successfully
08/01/2025 19:28:02	ProductImplemetation.Create:	Product added successfully
08/01/2025 19:28:02	CustomerImplemetation.Create:	customer added successfully
08/01/2025 19:28:02	CustomerImplemetation.Create:	customer added successfully
08/01/2025 19:28:02	CustomerImplemetation.Create:	customer added successfully
08/01/2025 19:28:02	SaleImplemetation.Create:	sale crated successfully
08/01/2025 19:28:02	SaleImplemetation.Create:	sale crated successfully
08/01/2025 19:28:02	SaleImplemetation.Create:	sale crated successfully
08/01/2025 19:28:09	CustomerImplemetation.ReadAll:	customer read successfully
08/01/2025 19:50:49	CustomerImplemetation.Read:	customer read successfully
